<?xml version="1.0" encoding="UTF-8"?>
<project name="test" default="run" >
    <import file="engine.xml" />
    <target name="test-setup-all" description="Uses all attributes of setup task." >
        <rbm-setup sdkdir="${sdk.dir}" 
                   reference="setup.context"  
                   lazy="true" 
                   force="true" 
                   verbose="true" />
        <rbm-restart-adb contextref="setup.context" />
    </target>
    
    <target name="test-setup-min" description="Uses only required attributes of setup task." >
        <rbm-setup sdkdir="${sdk.dir}" />
        <rbm-restart-adb />
    </target>    
</project>