<?xml version="1.0" encoding="UTF-8"?>
<project name="test" default="run" >
    <import file="engine.xml" />
	
	
    
</project>